This file contains any messages produced by compilers while
running configure, to aid debugging if configure makes a mistake.

It was created by configure, which was
generated by GNU Autoconf 2.67.  Invocation command line was

  $ ./configure 

## --------- ##
## Platform. ##
## --------- ##

hostname = l-PC
uname -m = i686
uname -r = 1.7.20(0.266/5/3)
uname -s = CYGWIN_NT-6.1
uname -v = 2013-06-07 11:11

/usr/bin/uname -p = unknown
/bin/uname -X     = unknown

/bin/arch              = i686
/usr/bin/arch -k       = unknown
/usr/convex/getsysinfo = unknown
/usr/bin/hostinfo      = unknown
/bin/machine           = unknown
/usr/bin/oslevel       = unknown
/bin/universe          = unknown

PATH: /usr/local/bin
PATH: /usr/bin
PATH: /cygdrive/c/Program Files/Java/jdk1.7.0/bin
PATH: /cygdrive/c/Windows/system32
PATH: /cygdrive/c/Windows
PATH: /cygdrive/c/Windows/System32/Wbem
PATH: /cygdrive/c/Windows/System32/WindowsPowerShell/v1.0
PATH: /cygdrive/c/Program Files/TortoiseSVN/bin
PATH: /cygdrive/c/Program Files/Microsoft SQL Server/90/Tools/binn
PATH: /cygdrive/c/Program Files/TortoiseGit/bin
PATH: /usr/lib/lapack


## ----------- ##
## Core tests. ##
## ----------- ##

configure:2877: checking for gcc
configure:2893: found /usr/bin/gcc
configure:2904: result: gcc
configure:3133: checking for C compiler version
configure:3142: gcc --version >&5
gcc (GCC) 4.5.3
Copyright (C) 2010 Free Software Foundation, Inc.
This is free software; see the source for copying conditions.  There is NO
warranty; not even for MERCHANTABILITY or FITNESS FOR A PARTICULAR PURPOSE.

configure:3153: $? = 0
configure:3142: gcc -v >&5
Using built-in specs.
COLLECT_GCC=gcc
COLLECT_LTO_WRAPPER=/usr/lib/gcc/i686-pc-cygwin/4.5.3/lto-wrapper.exe
Target: i686-pc-cygwin
Configured with: /gnu/gcc/releases/respins/4.5.3-3/gcc4-4.5.3-3/src/gcc-4.5.3/configure --srcdir=/gnu/gcc/releases/respins/4.5.3-3/gcc4-4.5.3-3/src/gcc-4.5.3 --prefix=/usr --exec-prefix=/usr --bindir=/usr/bin --sbindir=/usr/sbin --libexecdir=/usr/lib --datadir=/usr/share --localstatedir=/var --sysconfdir=/etc --datarootdir=/usr/share --docdir=/usr/share/doc/gcc4 -C --datadir=/usr/share --infodir=/usr/share/info --mandir=/usr/share/man -v --with-gmp=/usr --with-mpfr=/usr --enable-bootstrap --enable-version-specific-runtime-libs --libexecdir=/usr/lib --enable-static --enable-shared --enable-shared-libgcc --disable-__cxa_atexit --with-gnu-ld --with-gnu-as --with-dwarf2 --disable-sjlj-exceptions --enable-languages=ada,c,c++,fortran,java,lto,objc,obj-c++ --enable-graphite --enable-lto --enable-java-awt=gtk --disable-symvers --enable-libjava --program-suffix=-4 --enable-libgomp --enable-libssp --enable-libada --enable-threads=posix --with-arch=i686 --with-tune=generic --enable-libgcj-sublibs CC=gcc-4 CXX=g++-4 CC_FOR_TARGET=gcc-4 CXX_FOR_TARGET=g++-4 GNATMAKE_FOR_TARGET=gnatmake GNATBIND_FOR_TARGET=gnatbind --with-ecj-jar=/usr/share/java/ecj.jar
Thread model: posix
gcc version 4.5.3 (GCC) 
configure:3153: $? = 0
configure:3142: gcc -V >&5
gcc: '-V' option must have argument
configure:3153: $? = 1
configure:3142: gcc -qversion >&5
gcc: unrecognized option '-qversion'
gcc: no input files
configure:3153: $? = 1
configure:3173: checking whether the C compiler works
configure:3195: gcc    conftest.c  >&5
configure:3199: $? = 0
configure:3247: result: yes
configure:3250: checking for C compiler default output file name
configure:3252: result: a.exe
configure:3258: checking for suffix of executables
configure:3265: gcc -o conftest.exe    conftest.c  >&5
configure:3269: $? = 0
configure:3291: result: .exe
configure:3313: checking whether we are cross compiling
configure:3321: gcc -o conftest.exe    conftest.c  >&5
configure:3325: $? = 0
configure:3332: ./conftest.exe
configure:3336: $? = 0
configure:3351: result: no
configure:3356: checking for suffix of object files
configure:3378: gcc -c   conftest.c >&5
configure:3382: $? = 0
configure:3403: result: o
configure:3407: checking whether we are using the GNU C compiler
configure:3426: gcc -c   conftest.c >&5
configure:3426: $? = 0
configure:3435: result: yes
configure:3444: checking whether gcc accepts -g
configure:3464: gcc -c -g  conftest.c >&5
configure:3464: $? = 0
configure:3505: result: yes
configure:3522: checking for gcc option to accept ISO C89
configure:3586: gcc  -c -g -O2  conftest.c >&5
configure:3586: $? = 0
configure:3599: result: none needed
configure:3677: checking for g++
configure:3693: found /usr/bin/g++
configure:3704: result: g++
configure:3731: checking for C++ compiler version
configure:3740: g++ --version >&5
g++ (GCC) 4.5.3
Copyright (C) 2010 Free Software Foundation, Inc.
This is free software; see the source for copying conditions.  There is NO
warranty; not even for MERCHANTABILITY or FITNESS FOR A PARTICULAR PURPOSE.

configure:3751: $? = 0
configure:3740: g++ -v >&5
Using built-in specs.
COLLECT_GCC=g++
COLLECT_LTO_WRAPPER=/usr/lib/gcc/i686-pc-cygwin/4.5.3/lto-wrapper.exe
Target: i686-pc-cygwin
Configured with: /gnu/gcc/releases/respins/4.5.3-3/gcc4-4.5.3-3/src/gcc-4.5.3/configure --srcdir=/gnu/gcc/releases/respins/4.5.3-3/gcc4-4.5.3-3/src/gcc-4.5.3 --prefix=/usr --exec-prefix=/usr --bindir=/usr/bin --sbindir=/usr/sbin --libexecdir=/usr/lib --datadir=/usr/share --localstatedir=/var --sysconfdir=/etc --datarootdir=/usr/share --docdir=/usr/share/doc/gcc4 -C --datadir=/usr/share --infodir=/usr/share/info --mandir=/usr/share/man -v --with-gmp=/usr --with-mpfr=/usr --enable-bootstrap --enable-version-specific-runtime-libs --libexecdir=/usr/lib --enable-static --enable-shared --enable-shared-libgcc --disable-__cxa_atexit --with-gnu-ld --with-gnu-as --with-dwarf2 --disable-sjlj-exceptions --enable-languages=ada,c,c++,fortran,java,lto,objc,obj-c++ --enable-graphite --enable-lto --enable-java-awt=gtk --disable-symvers --enable-libjava --program-suffix=-4 --enable-libgomp --enable-libssp --enable-libada --enable-threads=posix --with-arch=i686 --with-tune=generic --enable-libgcj-sublibs CC=gcc-4 CXX=g++-4 CC_FOR_TARGET=gcc-4 CXX_FOR_TARGET=g++-4 GNATMAKE_FOR_TARGET=gnatmake GNATBIND_FOR_TARGET=gnatbind --with-ecj-jar=/usr/share/java/ecj.jar
Thread model: posix
gcc version 4.5.3 (GCC) 
configure:3751: $? = 0
configure:3740: g++ -V >&5
g++: '-V' option must have argument
configure:3751: $? = 1
configure:3740: g++ -qversion >&5
g++: unrecognized option '-qversion'
g++: no input files
configure:3751: $? = 1
configure:3755: checking whether we are using the GNU C++ compiler
configure:3774: g++ -c   conftest.cpp >&5
configure:3774: $? = 0
configure:3783: result: yes
configure:3792: checking whether g++ accepts -g
configure:3812: g++ -c -g  conftest.cpp >&5
configure:3812: $? = 0
configure:3853: result: yes
configure:3936: checking build system type
configure:3950: result: i686-pc-cygwin
configure:3970: checking host system type
configure:3983: result: i686-pc-cygwin
configure:4003: checking for a sed that does not truncate output
configure:4067: result: /usr/bin/sed
configure:4085: checking for grep that handles long lines and -e
configure:4143: result: /usr/bin/grep
configure:4148: checking for egrep
configure:4210: result: /usr/bin/grep -E
configure:4215: checking for fgrep
configure:4277: result: /usr/bin/grep -F
configure:4312: checking for ld used by gcc
configure:4379: result: /usr/i686-pc-cygwin/bin/ld.exe
configure:4386: checking if the linker (/usr/i686-pc-cygwin/bin/ld.exe) is GNU ld
configure:4401: result: yes
configure:4413: checking for BSD- or MS-compatible name lister (nm)
configure:4462: result: /usr/bin/nm -B
configure:4580: checking the name lister (/usr/bin/nm -B) interface
configure:4587: gcc -c -g -O2  conftest.c >&5
configure:4590: /usr/bin/nm -B "conftest.o"
configure:4593: output
00000000 b .bss
00000000 d .data
00000000 N .debug_abbrev
00000000 N .debug_info
00000000 N .debug_line
00000000 N .debug_pubnames
00000000 t .text
00000000 B _some_variable
configure:4600: result: BSD nm
configure:4603: checking whether ln -s works
configure:4607: result: yes
configure:4615: checking the maximum length of command line arguments
configure:4735: result: 8192
configure:4752: checking whether the shell understands some XSI constructs
configure:4762: result: yes
configure:4766: checking whether the shell understands "+="
configure:4772: result: yes
configure:4807: checking for /usr/i686-pc-cygwin/bin/ld.exe option to reload object files
configure:4814: result: -r
configure:4883: checking for objdump
configure:4899: found /usr/bin/objdump
configure:4910: result: objdump
configure:4942: checking how to recognize dependent libraries
configure:5138: result: file_magic ^x86 archive import|^x86 DLL
configure:5198: checking for ar
configure:5214: found /usr/bin/ar
configure:5225: result: ar
configure:5303: checking for strip
configure:5319: found /usr/bin/strip
configure:5330: result: strip
configure:5402: checking for ranlib
configure:5418: found /usr/bin/ranlib
configure:5429: result: ranlib
configure:5519: checking command to parse /usr/bin/nm -B output from gcc object
configure:5637: gcc -c -g -O2  conftest.c >&5
configure:5640: $? = 0
configure:5644: /usr/bin/nm -B conftest.o \| sed -n -e 's/^.*[	 ]\([ABCDGIRSTW][ABCDGIRSTW]*\)[	 ][	 ]*\([_A-Za-z][_A-Za-z0-9]*\)$/\1 \2 \2/p' \> conftest.nm
configure:5647: $? = 0
cannot find nm_test_var in conftest.nm
configure:5637: gcc -c -g -O2  conftest.c >&5
configure:5640: $? = 0
configure:5644: /usr/bin/nm -B conftest.o \| sed -n -e 's/^.*[	 ]\([ABCDGIRSTW][ABCDGIRSTW]*\)[	 ][	 ]*_\([_A-Za-z][_A-Za-z0-9]*\)$/\1 _\2 \2/p' \> conftest.nm
configure:5647: $? = 0
configure:5701: gcc -o conftest.exe -g -O2   conftest.c conftstm.o >&5
configure:5704: $? = 0
configure:5742: result: ok
configure:6551: checking how to run the C preprocessor
configure:6582: gcc -E  conftest.c
configure:6582: $? = 0
configure:6596: gcc -E  conftest.c
conftest.c:9:28: fatal error: ac_nonexistent.h: No such file or directory
compilation terminated.
configure:6596: $? = 1
configure: failed program was:
| /* confdefs.h */
| #define PACKAGE_NAME ""
| #define PACKAGE_TARNAME ""
| #define PACKAGE_VERSION ""
| #define PACKAGE_STRING ""
| #define PACKAGE_BUGREPORT ""
| #define PACKAGE_URL ""
| /* end confdefs.h.  */
| #include <ac_nonexistent.h>
configure:6621: result: gcc -E
configure:6641: gcc -E  conftest.c
configure:6641: $? = 0
configure:6655: gcc -E  conftest.c
conftest.c:9:28: fatal error: ac_nonexistent.h: No such file or directory
compilation terminated.
configure:6655: $? = 1
configure: failed program was:
| /* confdefs.h */
| #define PACKAGE_NAME ""
| #define PACKAGE_TARNAME ""
| #define PACKAGE_VERSION ""
| #define PACKAGE_STRING ""
| #define PACKAGE_BUGREPORT ""
| #define PACKAGE_URL ""
| /* end confdefs.h.  */
| #include <ac_nonexistent.h>
configure:6684: checking for ANSI C header files
configure:6704: gcc -c -g -O2  conftest.c >&5
configure:6704: $? = 0
configure:6777: gcc -o conftest.exe -g -O2   conftest.c  >&5
configure:6777: $? = 0
configure:6777: ./conftest.exe
configure:6777: $? = 0
configure:6788: result: yes
configure:6801: checking for sys/types.h
configure:6801: gcc -c -g -O2  conftest.c >&5
configure:6801: $? = 0
configure:6801: result: yes
configure:6801: checking for sys/stat.h
configure:6801: gcc -c -g -O2  conftest.c >&5
configure:6801: $? = 0
configure:6801: result: yes
configure:6801: checking for stdlib.h
configure:6801: gcc -c -g -O2  conftest.c >&5
configure:6801: $? = 0
configure:6801: result: yes
configure:6801: checking for string.h
configure:6801: gcc -c -g -O2  conftest.c >&5
configure:6801: $? = 0
configure:6801: result: yes
configure:6801: checking for memory.h
configure:6801: gcc -c -g -O2  conftest.c >&5
configure:6801: $? = 0
configure:6801: result: yes
configure:6801: checking for strings.h
configure:6801: gcc -c -g -O2  conftest.c >&5
configure:6801: $? = 0
configure:6801: result: yes
configure:6801: checking for inttypes.h
configure:6801: gcc -c -g -O2  conftest.c >&5
configure:6801: $? = 0
configure:6801: result: yes
configure:6801: checking for stdint.h
configure:6801: gcc -c -g -O2  conftest.c >&5
configure:6801: $? = 0
configure:6801: result: yes
configure:6801: checking for unistd.h
configure:6801: gcc -c -g -O2  conftest.c >&5
configure:6801: $? = 0
configure:6801: result: yes
configure:6815: checking for dlfcn.h
configure:6815: gcc -c -g -O2  conftest.c >&5
configure:6815: $? = 0
configure:6815: result: yes
configure:6940: checking for C++ compiler version
configure:6949: g++ --version >&5
g++ (GCC) 4.5.3
Copyright (C) 2010 Free Software Foundation, Inc.
This is free software; see the source for copying conditions.  There is NO
warranty; not even for MERCHANTABILITY or FITNESS FOR A PARTICULAR PURPOSE.

configure:6960: $? = 0
configure:6949: g++ -v >&5
Using built-in specs.
COLLECT_GCC=g++
COLLECT_LTO_WRAPPER=/usr/lib/gcc/i686-pc-cygwin/4.5.3/lto-wrapper.exe
Target: i686-pc-cygwin
Configured with: /gnu/gcc/releases/respins/4.5.3-3/gcc4-4.5.3-3/src/gcc-4.5.3/configure --srcdir=/gnu/gcc/releases/respins/4.5.3-3/gcc4-4.5.3-3/src/gcc-4.5.3 --prefix=/usr --exec-prefix=/usr --bindir=/usr/bin --sbindir=/usr/sbin --libexecdir=/usr/lib --datadir=/usr/share --localstatedir=/var --sysconfdir=/etc --datarootdir=/usr/share --docdir=/usr/share/doc/gcc4 -C --datadir=/usr/share --infodir=/usr/share/info --mandir=/usr/share/man -v --with-gmp=/usr --with-mpfr=/usr --enable-bootstrap --enable-version-specific-runtime-libs --libexecdir=/usr/lib --enable-static --enable-shared --enable-shared-libgcc --disable-__cxa_atexit --with-gnu-ld --with-gnu-as --with-dwarf2 --disable-sjlj-exceptions --enable-languages=ada,c,c++,fortran,java,lto,objc,obj-c++ --enable-graphite --enable-lto --enable-java-awt=gtk --disable-symvers --enable-libjava --program-suffix=-4 --enable-libgomp --enable-libssp --enable-libada --enable-threads=posix --with-arch=i686 --with-tune=generic --enable-libgcj-sublibs CC=gcc-4 CXX=g++-4 CC_FOR_TARGET=gcc-4 CXX_FOR_TARGET=g++-4 GNATMAKE_FOR_TARGET=gnatmake GNATBIND_FOR_TARGET=gnatbind --with-ecj-jar=/usr/share/java/ecj.jar
Thread model: posix
gcc version 4.5.3 (GCC) 
configure:6960: $? = 0
configure:6949: g++ -V >&5
g++: '-V' option must have argument
configure:6960: $? = 1
configure:6949: g++ -qversion >&5
g++: unrecognized option '-qversion'
g++: no input files
configure:6960: $? = 1
configure:6964: checking whether we are using the GNU C++ compiler
configure:6992: result: yes
configure:7001: checking whether g++ accepts -g
configure:7062: result: yes
configure:7093: checking how to run the C++ preprocessor
configure:7120: g++ -E  conftest.cpp
configure:7120: $? = 0
configure:7134: g++ -E  conftest.cpp
conftest.cpp:20:28: fatal error: ac_nonexistent.h: No such file or directory
compilation terminated.
configure:7134: $? = 1
configure: failed program was:
| /* confdefs.h */
| #define PACKAGE_NAME ""
| #define PACKAGE_TARNAME ""
| #define PACKAGE_VERSION ""
| #define PACKAGE_STRING ""
| #define PACKAGE_BUGREPORT ""
| #define PACKAGE_URL ""
| #define STDC_HEADERS 1
| #define HAVE_SYS_TYPES_H 1
| #define HAVE_SYS_STAT_H 1
| #define HAVE_STDLIB_H 1
| #define HAVE_STRING_H 1
| #define HAVE_MEMORY_H 1
| #define HAVE_STRINGS_H 1
| #define HAVE_INTTYPES_H 1
| #define HAVE_STDINT_H 1
| #define HAVE_UNISTD_H 1
| #define HAVE_DLFCN_H 1
| /* end confdefs.h.  */
| #include <ac_nonexistent.h>
configure:7159: result: g++ -E
configure:7179: g++ -E  conftest.cpp
configure:7179: $? = 0
configure:7193: g++ -E  conftest.cpp
conftest.cpp:20:28: fatal error: ac_nonexistent.h: No such file or directory
compilation terminated.
configure:7193: $? = 1
configure: failed program was:
| /* confdefs.h */
| #define PACKAGE_NAME ""
| #define PACKAGE_TARNAME ""
| #define PACKAGE_VERSION ""
| #define PACKAGE_STRING ""
| #define PACKAGE_BUGREPORT ""
| #define PACKAGE_URL ""
| #define STDC_HEADERS 1
| #define HAVE_SYS_TYPES_H 1
| #define HAVE_SYS_STAT_H 1
| #define HAVE_STDLIB_H 1
| #define HAVE_STRING_H 1
| #define HAVE_MEMORY_H 1
| #define HAVE_STRINGS_H 1
| #define HAVE_INTTYPES_H 1
| #define HAVE_STDINT_H 1
| #define HAVE_UNISTD_H 1
| #define HAVE_DLFCN_H 1
| /* end confdefs.h.  */
| #include <ac_nonexistent.h>
configure:7369: checking for objdir
configure:7384: result: .libs
configure:7680: checking if gcc supports -fno-rtti -fno-exceptions
configure:7698: gcc -c -g -O2  -fno-rtti -fno-exceptions conftest.c >&5
cc1: warning: command line option "-fno-rtti" is valid for C++/ObjC++ but not for C
configure:7702: $? = 0
configure:7715: result: no
configure:7735: checking for gcc option to produce PIC
configure:8007: result: -DDLL_EXPORT -DPIC
configure:8019: checking if gcc PIC flag -DDLL_EXPORT -DPIC works
configure:8037: gcc -c -g -O2  -DDLL_EXPORT -DPIC -DPIC conftest.c >&5
configure:8041: $? = 0
configure:8054: result: yes
configure:8078: checking if gcc static flag -static works
configure:8106: result: yes
configure:8121: checking if gcc supports -c -o file.o
configure:8142: gcc -c -g -O2  -o out/conftest2.o conftest.c >&5
configure:8146: $? = 0
configure:8168: result: yes
configure:8176: checking if gcc supports -c -o file.o
configure:8223: result: yes
configure:8256: checking whether the gcc linker (/usr/i686-pc-cygwin/bin/ld.exe) supports shared libraries
configure:9247: result: yes
configure:9284: checking whether -lc should be explicitly linked in
configure:9289: gcc -c -g -O2  conftest.c >&5
configure:9292: $? = 0
configure:9307: gcc -shared conftest.o  -v -o ./conftest -Wl,--enable-auto-image-base -Xlinker --out-implib -Xlinker conftest 2\>\&1 \| /usr/bin/grep  -lc  \>/dev/null 2\>\&1
configure:9310: $? = 1
configure:9322: result: yes
configure:9486: checking dynamic linker characteristics
configure:10149: result: Win32 ld.exe
configure:10251: checking how to hardcode library paths into programs
configure:10276: result: immediate
configure:10796: checking whether stripping libraries is possible
configure:10801: result: yes
configure:10836: checking if libtool supports shared libraries
configure:10838: result: yes
configure:10841: checking whether to build shared libraries
configure:10862: result: yes
configure:10865: checking whether to build static libraries
configure:10869: result: no
configure:11019: checking for ld used by g++
configure:11086: result: /usr/i686-pc-cygwin/bin/ld.exe
configure:11093: checking if the linker (/usr/i686-pc-cygwin/bin/ld.exe) is GNU ld
configure:11108: result: yes
configure:11163: checking whether the g++ linker (/usr/i686-pc-cygwin/bin/ld.exe) supports shared libraries
configure:12076: result: yes
configure:12104: g++ -c -g -O2  conftest.cpp >&5
configure:12107: $? = 0
configure:12289: checking for g++ option to produce PIC
configure:12606: result: -DDLL_EXPORT -DPIC
configure:12615: checking if g++ PIC flag -DDLL_EXPORT -DPIC works
configure:12633: g++ -c -g -O2  -DDLL_EXPORT -DPIC -DPIC conftest.cpp >&5
configure:12637: $? = 0
configure:12650: result: yes
configure:12671: checking if g++ static flag -static works
configure:12699: result: yes
configure:12711: checking if g++ supports -c -o file.o
configure:12732: g++ -c -g -O2  -o out/conftest2.o conftest.cpp >&5
configure:12736: $? = 0
configure:12758: result: yes
configure:12763: checking if g++ supports -c -o file.o
configure:12810: result: yes
configure:12840: checking whether the g++ linker (/usr/i686-pc-cygwin/bin/ld.exe) supports shared libraries
configure:12869: result: yes
configure:13006: checking dynamic linker characteristics
configure:13617: result: Win32 ld.exe
configure:13668: checking how to hardcode library paths into programs
configure:13693: result: immediate
configure:13753: checking target system type
configure:13766: result: i686-pc-cygwin
configure:13792: checking whether make sets $(MAKE)
configure:13814: result: yes
configure:13847: checking for ld used by GCC
configure:13911: result: /usr/i686-pc-cygwin/bin/ld.exe
configure:13918: checking if the linker (/usr/i686-pc-cygwin/bin/ld.exe) is GNU ld
configure:13931: result: yes
configure:13938: checking for shared library run path origin
configure:13951: result: done
configure:13991: checking for a BSD-compatible install
configure:14059: result: /usr/bin/install -c
configure:14070: checking whether build environment is sane
configure:14120: result: yes
configure:14261: checking for a thread-safe mkdir -p
configure:14300: result: /usr/bin/mkdir -p
configure:14313: checking for gawk
configure:14329: found /usr/bin/gawk
configure:14340: result: gawk
configure:14372: checking for style of include used by make
configure:14400: result: GNU
configure:14485: checking dependency style of gcc
configure:14595: result: gcc3
configure:14612: checking dependency style of g++
configure:14722: result: gcc3
configure:14859: checking for pkg-config
configure:14877: found /usr/bin/pkg-config
configure:14889: result: /usr/bin/pkg-config
configure:14914: checking pkg-config is at least version 0.9.0
configure:14917: result: yes
configure:14927: checking for fftw3f
configure:14934: $PKG_CONFIG --exists --print-errors "fftw3f"
Package fftw3f was not found in the pkg-config search path.
Perhaps you should add the directory containing `fftw3f.pc'
to the PKG_CONFIG_PATH environment variable
No package 'fftw3f' found
configure:14937: $? = 1
configure:14950: $PKG_CONFIG --exists --print-errors "fftw3f"
Package fftw3f was not found in the pkg-config search path.
Perhaps you should add the directory containing `fftw3f.pc'
to the PKG_CONFIG_PATH environment variable
No package 'fftw3f' found
configure:14953: $? = 1
configure:14966: result: no
No package 'fftw3f' found
configure:15074: checking for fftw3
configure:15081: $PKG_CONFIG --exists --print-errors "fftw3 >= 3.0"
Package fftw3 was not found in the pkg-config search path.
Perhaps you should add the directory containing `fftw3.pc'
to the PKG_CONFIG_PATH environment variable
No package 'fftw3' found
configure:15084: $? = 1
configure:15097: $PKG_CONFIG --exists --print-errors "fftw3 >= 3.0"
Package fftw3 was not found in the pkg-config search path.
Perhaps you should add the directory containing `fftw3.pc'
to the PKG_CONFIG_PATH environment variable
No package 'fftw3' found
configure:15100: $? = 1
configure:15113: result: no
No package 'fftw3' found
configure:15148: checking for fftw3l
configure:15155: $PKG_CONFIG --exists --print-errors "fftw3l >= 3.0"
Package fftw3l was not found in the pkg-config search path.
Perhaps you should add the directory containing `fftw3l.pc'
to the PKG_CONFIG_PATH environment variable
No package 'fftw3l' found
configure:15158: $? = 1
configure:15171: $PKG_CONFIG --exists --print-errors "fftw3l >= 3.0"
Package fftw3l was not found in the pkg-config search path.
Perhaps you should add the directory containing `fftw3l.pc'
to the PKG_CONFIG_PATH environment variable
No package 'fftw3l' found
configure:15174: $? = 1
configure:15187: result: no
No package 'fftw3l' found
configure:15222: error: *** any FFTW3 (single or double or ldouble) are not installed ***

## ---------------- ##
## Cache variables. ##
## ---------------- ##

ac_cv_build=i686-pc-cygwin
ac_cv_c_compiler_gnu=yes
ac_cv_cxx_compiler_gnu=yes
ac_cv_env_CCC_set=
ac_cv_env_CCC_value=
ac_cv_env_CC_set=
ac_cv_env_CC_value=
ac_cv_env_CFLAGS_set=
ac_cv_env_CFLAGS_value=
ac_cv_env_CPPFLAGS_set=
ac_cv_env_CPPFLAGS_value=
ac_cv_env_CPP_set=
ac_cv_env_CPP_value=
ac_cv_env_CXXCPP_set=
ac_cv_env_CXXCPP_value=
ac_cv_env_CXXFLAGS_set=
ac_cv_env_CXXFLAGS_value=
ac_cv_env_CXX_set=
ac_cv_env_CXX_value=
ac_cv_env_LDFLAGS_set=
ac_cv_env_LDFLAGS_value=
ac_cv_env_LIBS_set=
ac_cv_env_LIBS_value=
ac_cv_env_PKG_CONFIG_LIBDIR_set=
ac_cv_env_PKG_CONFIG_LIBDIR_value=
ac_cv_env_PKG_CONFIG_PATH_set=
ac_cv_env_PKG_CONFIG_PATH_value=
ac_cv_env_PKG_CONFIG_set=
ac_cv_env_PKG_CONFIG_value=
ac_cv_env_audacious_CFLAGS_set=
ac_cv_env_audacious_CFLAGS_value=
ac_cv_env_audacious_LIBS_set=
ac_cv_env_audacious_LIBS_value=
ac_cv_env_bmp_CFLAGS_set=
ac_cv_env_bmp_CFLAGS_value=
ac_cv_env_bmp_LIBS_set=
ac_cv_env_bmp_LIBS_value=
ac_cv_env_build_alias_set=
ac_cv_env_build_alias_value=
ac_cv_env_fftw3_CFLAGS_set=
ac_cv_env_fftw3_CFLAGS_value=
ac_cv_env_fftw3_LIBS_set=
ac_cv_env_fftw3_LIBS_value=
ac_cv_env_fftw3f_CFLAGS_set=
ac_cv_env_fftw3f_CFLAGS_value=
ac_cv_env_fftw3f_LIBS_set=
ac_cv_env_fftw3f_LIBS_value=
ac_cv_env_fftw3l_CFLAGS_set=
ac_cv_env_fftw3l_CFLAGS_value=
ac_cv_env_fftw3l_LIBS_set=
ac_cv_env_fftw3l_LIBS_value=
ac_cv_env_gtk2_CFLAGS_set=
ac_cv_env_gtk2_CFLAGS_value=
ac_cv_env_gtk2_LIBS_set=
ac_cv_env_gtk2_LIBS_value=
ac_cv_env_host_alias_set=
ac_cv_env_host_alias_value=
ac_cv_env_jack_CFLAGS_set=
ac_cv_env_jack_CFLAGS_value=
ac_cv_env_jack_LIBS_set=
ac_cv_env_jack_LIBS_value=
ac_cv_env_sndfile_CFLAGS_set=
ac_cv_env_sndfile_CFLAGS_value=
ac_cv_env_sndfile_LIBS_set=
ac_cv_env_sndfile_LIBS_value=
ac_cv_env_target_alias_set=
ac_cv_env_target_alias_value=
ac_cv_exeext=.exe
ac_cv_header_dlfcn_h=yes
ac_cv_header_inttypes_h=yes
ac_cv_header_memory_h=yes
ac_cv_header_stdc=yes
ac_cv_header_stdint_h=yes
ac_cv_header_stdlib_h=yes
ac_cv_header_string_h=yes
ac_cv_header_strings_h=yes
ac_cv_header_sys_stat_h=yes
ac_cv_header_sys_types_h=yes
ac_cv_header_unistd_h=yes
ac_cv_host=i686-pc-cygwin
ac_cv_objext=o
ac_cv_path_EGREP='/usr/bin/grep -E'
ac_cv_path_FGREP='/usr/bin/grep -F'
ac_cv_path_GREP=/usr/bin/grep
ac_cv_path_SED=/usr/bin/sed
ac_cv_path_ac_pt_PKG_CONFIG=/usr/bin/pkg-config
ac_cv_path_install='/usr/bin/install -c'
ac_cv_path_mkdir=/usr/bin/mkdir
ac_cv_prog_AWK=gawk
ac_cv_prog_CPP='gcc -E'
ac_cv_prog_CXXCPP='g++ -E'
ac_cv_prog_ac_ct_AR=ar
ac_cv_prog_ac_ct_CC=gcc
ac_cv_prog_ac_ct_CXX=g++
ac_cv_prog_ac_ct_OBJDUMP=objdump
ac_cv_prog_ac_ct_RANLIB=ranlib
ac_cv_prog_ac_ct_STRIP=strip
ac_cv_prog_cc_c89=
ac_cv_prog_cc_g=yes
ac_cv_prog_cxx_g=yes
ac_cv_prog_make_make_set=yes
ac_cv_target=i686-pc-cygwin
acl_cv_hardcode_direct=no
acl_cv_hardcode_libdir_flag_spec='-L$libdir'
acl_cv_hardcode_libdir_separator=
acl_cv_hardcode_minus_L=no
acl_cv_libext=a
acl_cv_libname_spec='lib$name'
acl_cv_library_names_spec='$libname.dll.a $libname.lib'
acl_cv_path_LD=/usr/i686-pc-cygwin/bin/ld.exe
acl_cv_prog_gnu_ld=yes
acl_cv_rpath=done
acl_cv_shlibext=dll
acl_cv_wl=-Wl,
am_cv_CC_dependencies_compiler_type=gcc3
am_cv_CXX_dependencies_compiler_type=gcc3
lt_cv_deplibs_check_method='file_magic ^x86 archive import|^x86 DLL'
lt_cv_file_magic_cmd=func_win32_libid
lt_cv_file_magic_test_file=
lt_cv_ld_reload_flag=-r
lt_cv_nm_interface='BSD nm'
lt_cv_objdir=.libs
lt_cv_path_LD=/usr/i686-pc-cygwin/bin/ld.exe
lt_cv_path_LDCXX=/usr/i686-pc-cygwin/bin/ld.exe
lt_cv_path_NM='/usr/bin/nm -B'
lt_cv_prog_compiler_c_o=yes
lt_cv_prog_compiler_c_o_CXX=yes
lt_cv_prog_compiler_pic_works=yes
lt_cv_prog_compiler_pic_works_CXX=yes
lt_cv_prog_compiler_rtti_exceptions=no
lt_cv_prog_compiler_static_works=yes
lt_cv_prog_compiler_static_works_CXX=yes
lt_cv_prog_gnu_ld=yes
lt_cv_prog_gnu_ldcxx=yes
lt_cv_sys_global_symbol_pipe='sed -n -e '\''s/^.*[	 ]\([ABCDGIRSTW][ABCDGIRSTW]*\)[	 ][	 ]*_\([_A-Za-z][_A-Za-z0-9]*\)$/\1 _\2 \2/p'\'''
lt_cv_sys_global_symbol_to_c_name_address='sed -n -e '\''s/^: \([^ ]*\) $/  {\"\1\", (void *) 0},/p'\'' -e '\''s/^[ABCDGIRSTW]* \([^ ]*\) \([^ ]*\)$/  {"\2", (void *) \&\2},/p'\'''
lt_cv_sys_global_symbol_to_c_name_address_lib_prefix='sed -n -e '\''s/^: \([^ ]*\) $/  {\"\1\", (void *) 0},/p'\'' -e '\''s/^[ABCDGIRSTW]* \([^ ]*\) \(lib[^ ]*\)$/  {"\2", (void *) \&\2},/p'\'' -e '\''s/^[ABCDGIRSTW]* \([^ ]*\) \([^ ]*\)$/  {"lib\2", (void *) \&\2},/p'\'''
lt_cv_sys_global_symbol_to_cdecl='sed -n -e '\''s/^T .* \(.*\)$/extern int \1();/p'\'' -e '\''s/^[ABCDGIRSTW]* .* \(.*\)$/extern char \1;/p'\'''
lt_cv_sys_max_cmd_len=8192

## ----------------- ##
## Output variables. ##
## ----------------- ##

ACLOCAL='${SHELL} /cygdrive/e/work/149108217freeverb3-2.5.14/freeverb3-2.5.14/config/missing --run aclocal-1.11'
AMDEPBACKSLASH='\'
AMDEP_FALSE='#'
AMDEP_TRUE=''
AMTAR='${SHELL} /cygdrive/e/work/149108217freeverb3-2.5.14/freeverb3-2.5.14/config/missing --run tar'
AR='ar'
AUDACIOUS140_FALSE=''
AUDACIOUS140_TRUE=''
AUTOCONF='${SHELL} /cygdrive/e/work/149108217freeverb3-2.5.14/freeverb3-2.5.14/config/missing --run autoconf'
AUTOHEADER='${SHELL} /cygdrive/e/work/149108217freeverb3-2.5.14/freeverb3-2.5.14/config/missing --run autoheader'
AUTOMAKE='${SHELL} /cygdrive/e/work/149108217freeverb3-2.5.14/freeverb3-2.5.14/config/missing --run automake-1.11'
AWK='gawk'
BUILD_AUDACIOUS_FALSE=''
BUILD_AUDACIOUS_TRUE=''
BUILD_BMP_FALSE=''
BUILD_BMP_TRUE=''
BUILD_DOUBLE_FALSE=''
BUILD_DOUBLE_TRUE=''
BUILD_FLOAT_FALSE=''
BUILD_FLOAT_TRUE=''
BUILD_JACK_FALSE=''
BUILD_JACK_TRUE=''
BUILD_LDOUBLE_FALSE=''
BUILD_LDOUBLE_TRUE=''
BUILD_PLUGDOUBLE_FALSE=''
BUILD_PLUGDOUBLE_TRUE=''
BUILD_SAMPLE_FALSE=''
BUILD_SAMPLE_TRUE=''
BUILD_SRCNEWCOEFFS_FALSE=''
BUILD_SRCNEWCOEFFS_TRUE=''
BUILD_STATIC_FALSE=''
BUILD_STATIC_TRUE=''
BUILD_XMMS_FALSE=''
BUILD_XMMS_TRUE=''
CC='gcc'
CCDEPMODE='depmode=gcc3'
CFLAGS='-g -O2 -fPIC'
CPP='gcc -E'
CPPFLAGS=''
CXX='g++'
CXXCPP='g++ -E'
CXXDEPMODE='depmode=gcc3'
CXXFLAGS='-g -O2'
CYGPATH_W='cygpath -w'
DEFS=''
DEPDIR='.deps'
DSYMUTIL=''
DUMPBIN=''
ECHO_C=''
ECHO_N='-n'
ECHO_T=''
EGREP='/usr/bin/grep -E'
ENABLE_PLUGINIT_FALSE=''
ENABLE_PLUGINIT_TRUE=''
EXEEXT='.exe'
FGREP='/usr/bin/grep -F'
GLIB_CFLAGS=''
GLIB_CONFIG=''
GLIB_LIBS=''
GREP='/usr/bin/grep'
GTK_CFLAGS=''
GTK_CONFIG=''
GTK_LIBS=''
INSTALL_DATA='${INSTALL} -m 644'
INSTALL_PROGRAM='${INSTALL}'
INSTALL_SCRIPT='${INSTALL}'
INSTALL_STRIP_PROGRAM='$(install_sh) -c -s'
LD='/usr/i686-pc-cygwin/bin/ld.exe'
LDFLAGS=''
LIBOBJS=''
LIBS=''
LIBTOOL='$(SHELL) $(top_builddir)/libtool'
LIBTOOL_VERSION_INFO='7:14:5'
LIPO=''
LN_S='ln -s'
LTLIBOBJS=''
MAKEINFO='${SHELL} /cygdrive/e/work/149108217freeverb3-2.5.14/freeverb3-2.5.14/config/missing --run makeinfo'
MKDIR_P='/usr/bin/mkdir -p'
NM='/usr/bin/nm -B'
NMEDIT=''
OBJDUMP='objdump'
OBJEXT='o'
OTOOL64=''
OTOOL=''
PACKAGE='freeverb3'
PACKAGE_BUGREPORT=''
PACKAGE_NAME=''
PACKAGE_STRING=''
PACKAGE_TARNAME=''
PACKAGE_URL=''
PACKAGE_VERSION=''
PATH_SEPARATOR=':'
PKG_CONFIG='/usr/bin/pkg-config'
PKG_CONFIG_LIBDIR=''
PKG_CONFIG_PATH=''
RANLIB='ranlib'
SED='/usr/bin/sed'
SET_MAKE=''
SHELL='/bin/sh'
STRIP='strip'
VERSION='2.5.14'
XMMS_CFLAGS=''
XMMS_CONFIG=''
XMMS_DATA_DIR=''
XMMS_EFFECT_PLUGIN_DIR=''
XMMS_GENERAL_PLUGIN_DIR=''
XMMS_INPUT_PLUGIN_DIR=''
XMMS_LIBS=''
XMMS_OUTPUT_PLUGIN_DIR=''
XMMS_PLUGIN_DIR=''
XMMS_VERSION=''
XMMS_VISUALIZATION_PLUGIN_DIR=''
ac_ct_CC='gcc'
ac_ct_CXX='g++'
ac_ct_DUMPBIN=''
am__EXEEXT_FALSE=''
am__EXEEXT_TRUE=''
am__fastdepCC_FALSE='#'
am__fastdepCC_TRUE=''
am__fastdepCXX_FALSE='#'
am__fastdepCXX_TRUE=''
am__include='include'
am__isrc=''
am__leading_dot='.'
am__quote=''
am__tar='${AMTAR} chof - "$$tardir"'
am__untar='${AMTAR} xf -'
audacious_CFLAGS=''
audacious_LIBS=''
audacious_effect_plugin_dir=''
bindir='${exec_prefix}/bin'
bmp_CFLAGS=''
bmp_LIBS=''
bmp_effect_plugin_dir=''
build='i686-pc-cygwin'
build_alias=''
build_cpu='i686'
build_os='cygwin'
build_vendor='pc'
datadir='${datarootdir}'
datarootdir='${prefix}/share'
docdir='${datarootdir}/doc/${PACKAGE}'
dvidir='${docdir}'
exec_prefix='NONE'
fftw3_CFLAGS=''
fftw3_LIBS=''
fftw3f_CFLAGS=''
fftw3f_LIBS=''
fftw3l_CFLAGS=''
fftw3l_LIBS=''
gtk2_CFLAGS=''
gtk2_LIBS=''
host='i686-pc-cygwin'
host_alias=''
host_cpu='i686'
host_os='cygwin'
host_vendor='pc'
htmldir='${docdir}'
includedir='${prefix}/include'
infodir='${datarootdir}/info'
install_sh='${SHELL} /cygdrive/e/work/149108217freeverb3-2.5.14/freeverb3-2.5.14/config/install-sh'
jack_CFLAGS=''
jack_LIBS=''
libdir='${exec_prefix}/lib'
libexecdir='${exec_prefix}/libexec'
localedir='${datarootdir}/locale'
localstatedir='${prefix}/var'
lt_ECHO='echo'
mandir='${datarootdir}/man'
mkdir_p='/usr/bin/mkdir -p'
oldincludedir='/usr/include'
pdfdir='${docdir}'
prefix='NONE'
program_transform_name='s,x,x,'
psdir='${docdir}'
sbindir='${exec_prefix}/sbin'
sharedstatedir='${prefix}/com'
sndfile_CFLAGS=''
sndfile_LIBS=''
sysconfdir='${prefix}/etc'
target='i686-pc-cygwin'
target_alias=''
target_cpu='i686'
target_os='cygwin'
target_vendor='pc'

## ----------- ##
## confdefs.h. ##
## ----------- ##

/* confdefs.h */
#define PACKAGE_NAME ""
#define PACKAGE_TARNAME ""
#define PACKAGE_VERSION ""
#define PACKAGE_STRING ""
#define PACKAGE_BUGREPORT ""
#define PACKAGE_URL ""
#define STDC_HEADERS 1
#define HAVE_SYS_TYPES_H 1
#define HAVE_SYS_STAT_H 1
#define HAVE_STDLIB_H 1
#define HAVE_STRING_H 1
#define HAVE_MEMORY_H 1
#define HAVE_STRINGS_H 1
#define HAVE_INTTYPES_H 1
#define HAVE_STDINT_H 1
#define HAVE_UNISTD_H 1
#define HAVE_DLFCN_H 1
#define LT_OBJDIR ".libs/"
#define PACKAGE "freeverb3"
#define VERSION "2.5.14"

configure: exit 1
